<?xml version="1.0" encoding="UTF-8"?>
<!-- Generated by org.testng.reporters.JUnitReportReporter -->
<testsuite hostname="DESKTOP-B8R4OMO" failures="0" tests="1" name="com.qa.testscripts.Fb_001" time="29.325" errors="0" timestamp="2023-05-04T21:03:02 IST" skipped="0">
  <testcase classname="com.qa.testscripts.Fb_001" name="testcase_001" time="29.325"/>
  <system-out/>
</testsuite> <!-- com.qa.testscripts.Fb_001 -->
